
 Welcome to the MEDSLIK run module

 The spill simulated has the following parameters:
 Date:           15/11/2023  hour: 1152
 Location:  lat  -17.5733,    lon ********
 Grid coords: x  ********,      y ********
 Spill duration:      0. hours
 Length of run:   12 hours
 Total volume:    1000.00 tons
 Horiz diffusion distance:      73.48469
  
 Grid details in selected region
 Dimensions: -3941-1327
 Longitude limits: 16.50000*********
 Latitude limits:  39.10420-16.22913
  
 Land/water mask:
  
 Bathymetry in selected region
 Random seed =       160060
 Total bbls released =    7043.4741750420681     
 Total no of parcels =         1000
 Bbls per parcel     =    7.0434741750420677     
 No of minispills    =            1
 Parcels per m_spill =         1000
  
 initial mini-slick radii =    133.36764288847903        298.21911549755549     
  
 Initial minispill properties:
   0.0000000000000000     
   2.0000000000000000E-002   55879.282867635397        1117.5856573527080     
   1.0000000000000001E-005   223517.13147054159        2.2351713147054162     
   4.0080000000000011E-003   279396.41433817695        1119.8208286674135     
   0.0000000000000000        0.0000000000000000        0.0000000000000000     
   2.0000000000000000E-002   55879.282867635397        1117.5856573527080     
   0.0000000000000000        0.0000000000000000        0.0000000000000000     
   0.0000000000000000        0.0000000000000000     
  
 Frcst files and file times from 0 hrs on spill day
          11    merc23111511.mrc   10.500000000000000     
          12    merc23111512.mrc   11.500000000000000     
          13    merc23111513.mrc   12.500000000000000     
          14    merc23111514.mrc   13.500000000000000     
          15    merc23111515.mrc   14.500000000000000     
          16    merc23111516.mrc   15.500000000000000     
          17    merc23111517.mrc   16.500000000000000     
          18    merc23111518.mrc   17.500000000000000     
          19    merc23111519.mrc   18.500000000000000     
          20    merc23111520.mrc   19.500000000000000     
          21    merc23111521.mrc   20.500000000000000     
          22    merc23111522.mrc   21.500000000000000     
          23    merc23111523.mrc   22.500000000000000     
          24    merc23111524.mrc   23.500000000000000     
          25    merc23111601.mrc   24.500000000000000     
          26    merc23111602.mrc   25.500000000000000     
          27    merc23111603.mrc   26.500000000000000     
          28    merc23111604.mrc   27.500000000000000     
          29    merc23111605.mrc   28.500000000000000     
          30    merc23111606.mrc   29.500000000000000     
          31    merc23111607.mrc   30.500000000000000     
          32    merc23111608.mrc   31.500000000000000     
          33    merc23111609.mrc   32.500000000000000     
          34    merc23111610.mrc   33.500000000000000     
          35    merc23111611.mrc   34.500000000000000     
          36    merc23111612.mrc   35.500000000000000     
          37    merc23111613.mrc   36.500000000000000     
          38    merc23111614.mrc   37.500000000000000     
          39    merc23111615.mrc   38.500000000000000     
          40    merc23111616.mrc   39.500000000000000     
          41    merc23111617.mrc   40.500000000000000     
          42    merc23111618.mrc   41.500000000000000     
          43    merc23111619.mrc   42.500000000000000     
          44    merc23111620.mrc   43.500000000000000     
          45    merc23111621.mrc   44.500000000000000     
          46    merc23111622.mrc   45.500000000000000     
          47    merc23111623.mrc   46.500000000000000     
          48    merc23111624.mrc   47.500000000000000     
  
 Forecast current directory = TEMP//////OCE/
 Reading forecast currents from file merc23111511.mrc
  
 Reading forecast currents from file merc23111512.mrc
  
  
 Wind forecast files and times of wind records:
erai231115.eri      0.    1.    2.    3.    4.    5.    6.    7.    8.    9.   10.   11.   12.   13.   14.   15.   16.   17.   18.   19.   20.   21.   22.   23.
erai231116.eri     24.   25.   26.   27.   28.   29.   30.   31.   32.   33.   34.   35.   36.   37.   38.   39.   40.   41.   42.   43.   44.   45.   46.   47.
   11.929166666666667        11.000000000000000     
 Reading wind from file erai231115.eri, record           12
 Reading wind from file erai231115.eri, record           13
 No of coastal segments =            0

 Release of parcels:
 Time hrs =   0.12500000000000000     
     Minispill no.            1
     Parcels            1  to         1000
 Reading forecast currents from file merc23111513.mrc
  
   12.054166666666667        12.000000000000000     
 Reading wind from file erai231115.eri, record           13
 Reading wind from file erai231115.eri, record           14
 Reading forecast currents from file merc23111514.mrc
  
   13.054166666666667        13.000000000000000     
 Reading wind from file erai231115.eri, record           14
 Reading wind from file erai231115.eri, record           15
 Reading forecast currents from file merc23111515.mrc
  
   14.054166666666667        14.000000000000000     
 Reading wind from file erai231115.eri, record           15
 Reading wind from file erai231115.eri, record           16
 Reading forecast currents from file merc23111516.mrc
  
   15.054166666666667        15.000000000000000     
 Reading wind from file erai231115.eri, record           16
 Reading wind from file erai231115.eri, record           17
 Reading forecast currents from file merc23111517.mrc
  
   16.054166666666667        16.000000000000000     
 Reading wind from file erai231115.eri, record           17
 Reading wind from file erai231115.eri, record           18
 Reading forecast currents from file merc23111518.mrc
  
   17.054166666666667        17.000000000000000     
 Reading wind from file erai231115.eri, record           18
 Reading wind from file erai231115.eri, record           19
 Reading forecast currents from file merc23111519.mrc
  
   18.054166666666667        18.000000000000000     
 Reading wind from file erai231115.eri, record           19
 Reading wind from file erai231115.eri, record           20
 Reading forecast currents from file merc23111520.mrc
  
   19.054166666666667        19.000000000000000     
 Reading wind from file erai231115.eri, record           20
 Reading wind from file erai231115.eri, record           21
 Reading forecast currents from file merc23111521.mrc
  
   20.054166666666667        20.000000000000000     
 Reading wind from file erai231115.eri, record           21
 Reading wind from file erai231115.eri, record           22
 Reading forecast currents from file merc23111522.mrc
  
   21.054166666666667        21.000000000000000     
 Reading wind from file erai231115.eri, record           22
 Reading wind from file erai231115.eri, record           23
 Reading forecast currents from file merc23111523.mrc
  
   22.054166666666667        22.000000000000000     
 Reading wind from file erai231115.eri, record           23
 Reading wind from file erai231115.eri, record           24
 Reading forecast currents from file merc23111524.mrc
  
   23.054166666666667        23.000000000000000     
 Reading wind from file erai231115.eri, record           24
 Reading wind from file erai231116.eri, record            1
 Reading forecast currents from file merc23111601.mrc
  
